[  105.319260] altera_drv: installing !
[  105.319282] altera : Device 0x8 has been found at bus 1 dev 0 func 0
[  105.319295] altera 0000:01:00.0: PCI INT A -> GSI 16 (level, low) -> IRQ 16
[  105.319297] pci_enable_device = 0 rev=6
[  105.319298]  ------------->bar01 0x40200 
[  105.319299]  ------------->bar 2 0x0 
[  105.319300]  -----len----->bar 0 0x10 
[  105.319301]  -----len----->bar 1 0x80 
[  105.319355]  resource_start ==> fe5ff000, ram_base =ffffc90011486000
[  105.319359]  rom[0x0] = 0x91827364 
[  105.319362]  rom[0x1] = 0x55667788 
[  105.319364]  rom[0x2] = 0x99aabbcc 
[  105.319367]  rom[0x3] = 0xddeeff00 
[  105.319369]  rom[0x4] = 0x91827364 
[  105.319371]  rom[0x5] = 0x55667788 
[  105.319374]  rom[0x6] = 0x99aabbcc 
[  105.319376]  rom[0x7] = 0xddeeff00 
[  105.319379]  rom[0x8] = 0x91827364 
[  105.319381]  rom[0x9] = 0x55667788 
[  105.319384]  rom[0xa] = 0x99aabbcc 
[  105.319386]  rom[0xb] = 0xddeeff00 
[  105.319389]  rom[0xc] = 0x91827364 
[  105.319391]  rom[0xd] = 0x55667788 
[  105.319393]  rom[0xe] = 0x99aabbcc 
[  105.319396]  rom[0xf] = 0xddeeff00 
[  105.319398]  rom[0x10] = 0x0 
[  105.319401]  rom[0x11] = 0x0 
[  105.319403]  rom[0x12] = 0x0 
[  105.319406]  rom[0x13] = 0x0 
[  105.319408]  rom[0x14] = 0x91827364 
[  105.319410]  rom[0x15] = 0x55667788 
[  105.319413]  rom[0x16] = 0x99aabbcc 
[  105.319415]  rom[0x17] = 0xddeeff00 
[  105.319418]  rom[0x18] = 0x91827364 
[  105.319420]  rom[0x19] = 0x55667788 
[  105.319423]  rom[0x1a] = 0x99aabbcc 
[  105.319426]  rom[0x1b] = 0xddeeff00 
[  105.319428]  rom[0x1c] = 0x91827364 
[  105.319430]  rom[0x1d] = 0x55667788 
[  105.319433]  rom[0x1e] = 0x99aabbcc 
[  105.319435]  rom[0x1f] = 0xddeeff00 
[  105.319437]  hey i'm here in probing 

two ocm on bar1
a 0x00 ~ 0x0f
b 0x40 ~ 0x4f

>>> hex((0x4f)/4)
'0x13'

