[ 2373.303747] altera_drv: installing !
[ 2373.303768] altera : Device 0xe001 has been found at bus 1 dev 0 func 0
[ 2373.303780] altera 0000:01:00.0: PCI INT A -> GSI 16 (level, low) -> IRQ 16
[ 2373.303782] pci_enable_device = 0 rev=18
[ 2373.303783]  pci device rev id = 0x00012
[ 2373.303784]  ------------->bar 0 0x14220c 
[ 2373.303785]  ------------->bar 2 0x40200 
[ 2373.303786]  -----len----->bar 0 0x8000000 
[ 2373.303787]  -----len----->bar 2 0x8000 
[ 2373.315464] dump memory begin
[ 2373.315466]  e33c4000 = 0x2
[ 2373.315468]  e33c4004 = 0x0
[ 2373.315470]  e33c4008 = 0x0
[ 2373.315472]  e33c400c = 0x0
[ 2373.315474]  e33c4010 = 0x0
[ 2373.315476]  e33c4014 = 0x0
[ 2373.315478]  e33c4018 = 0x0
[ 2373.315480]  e33c401c = 0x0
[ 2373.315482]  e33c4020 = 0xdeaddead
[ 2373.315484]  e33c4024 = 0x0
[ 2373.315485]  e33c4028 = 0x0
[ 2373.315487]  e33c402c = 0x0
[ 2373.315488] dump memory end
[ 2373.315490]   copy_from __pa(d7acc000) = 17acc000 = d7acc000
[ 2373.315492]   copy_from __pa(d7acc004) = 17acc004 = d7acc010
[ 2373.315496] dump memory begin
[ 2373.315498]  e33c4000 = 0x2
[ 2373.315500]  e33c4004 = 0x0
[ 2373.315501]  e33c4008 = 0x0
[ 2373.315503]  e33c400c = 0x0
[ 2373.315505]  e33c4010 = 0x0
[ 2373.315507]  e33c4014 = 0x0
[ 2373.315509]  e33c4018 = 0x0
[ 2373.315511]  e33c401c = 0x0
[ 2373.315513]  e33c4020 = 0xdeaddead
[ 2373.315515]  e33c4024 = 0x0
[ 2373.315516]  e33c4028 = 0x0
[ 2373.315518]  e33c402c = 0x0
[ 2373.315519] dump memory end
[ 2373.315523]  DMA did not finish
[ 2373.315525]  bar0 2000000 = 0x1234
[ 2373.315527]  bar0 2000004 = 0x1235
[ 2373.315529]  bar0 2000000 = 0x1234 e3400000
[ 2373.315530]  bar0 2000000 = 0x1235 e3400000
[ 2373.315531]  bar0 2000000 = 0x1236 e3400000
[ 2373.315532]  bar0 2000000 = 0x1237 e3400000
[ 2373.315534]  bar0 2000000 = 0x1238 e3400000
[ 2373.315535]  bar0 2000000 = 0x1239 e3400000
[ 2373.315536]  bar0 2000000 = 0x123a e3400000
[ 2373.315538]  bar0 2000000 = 0x123b e3400000
[ 2373.315539]  bar0 2000000 = 0x123c e3400000
[ 2373.315540]  bar0 2000000 = 0x123d e3400000
[ 2373.315542]  bar0 2000000 = 0x123e e3400000
[ 2373.315543]  bar0 2000000 = 0x123f e3400000
[ 2373.315544]  bar0 2000000 = 0x1240 e3400000
[ 2373.315545]  bar0 2000000 = 0x1241 e3400000
[ 2373.315547]  bar0 2000000 = 0x1242 e3400000
[ 2373.315548]  bar0 2000000 = 0x1243 e3400000
[ 2373.320676]  hey i'm here in probing 
